-- The CXX compiler identification is GNU 7.5.0
-- The C compiler identification is GNU 7.5.0
-- Check for working CXX compiler: /usr/bin/c++
-- Check for working CXX compiler: /usr/bin/c++ -- works
-- Detecting CXX compiler ABI info
-- Detecting CXX compiler ABI info - done
-- Detecting CXX compile features
-- Detecting CXX compile features - done
-- Check for working C compiler: /usr/bin/cc
-- Check for working C compiler: /usr/bin/cc -- works
-- Detecting C compiler ABI info
-- Detecting C compiler ABI info - done
-- Detecting C compile features
-- Detecting C compile features - done
-- Detected processor: aarch64
-- Found PythonInterp: /usr/bin/python2.7 (found suitable version "2.7.17", minimum required is "2.7") 
-- Found PythonLibs: /usr/lib/aarch64-linux-gnu/libpython2.7.so (found suitable exact version "2.7.17") 
-- Found PythonInterp: /usr/bin/python3 (found suitable version "3.6.9", minimum required is "3.2") 
-- Found PythonLibs: /usr/lib/aarch64-linux-gnu/libpython3.6m.so (found suitable exact version "3.6.9") 
-- Looking for ccache - not found
-- Performing Test HAVE_CXX_FSIGNED_CHAR
-- Performing Test HAVE_CXX_FSIGNED_CHAR - Success
-- Performing Test HAVE_C_FSIGNED_CHAR
-- Performing Test HAVE_C_FSIGNED_CHAR - Success
-- Performing Test HAVE_CXX_W
-- Performing Test HAVE_CXX_W - Success
-- Performing Test HAVE_C_W
-- Performing Test HAVE_C_W - Success
-- Performing Test HAVE_CXX_WALL
-- Performing Test HAVE_CXX_WALL - Success
-- Performing Test HAVE_C_WALL
-- Performing Test HAVE_C_WALL - Success
-- Performing Test HAVE_CXX_WERROR_RETURN_TYPE
-- Performing Test HAVE_CXX_WERROR_RETURN_TYPE - Success
-- Performing Test HAVE_C_WERROR_RETURN_TYPE
-- Performing Test HAVE_C_WERROR_RETURN_TYPE - Success
-- Performing Test HAVE_CXX_WERROR_NON_VIRTUAL_DTOR
-- Performing Test HAVE_CXX_WERROR_NON_VIRTUAL_DTOR - Success
-- Performing Test HAVE_C_WERROR_NON_VIRTUAL_DTOR
-- Performing Test HAVE_C_WERROR_NON_VIRTUAL_DTOR - Failed
-- Performing Test HAVE_CXX_WERROR_ADDRESS
-- Performing Test HAVE_CXX_WERROR_ADDRESS - Success
-- Performing Test HAVE_C_WERROR_ADDRESS
-- Performing Test HAVE_C_WERROR_ADDRESS - Success
-- Performing Test HAVE_CXX_WERROR_SEQUENCE_POINT
-- Performing Test HAVE_CXX_WERROR_SEQUENCE_POINT - Success
-- Performing Test HAVE_C_WERROR_SEQUENCE_POINT
-- Performing Test HAVE_C_WERROR_SEQUENCE_POINT - Success
-- Performing Test HAVE_CXX_WFORMAT
-- Performing Test HAVE_CXX_WFORMAT - Success
-- Performing Test HAVE_C_WFORMAT
-- Performing Test HAVE_C_WFORMAT - Success
-- Performing Test HAVE_CXX_WERROR_FORMAT_SECURITY
-- Performing Test HAVE_CXX_WERROR_FORMAT_SECURITY - Success
-- Performing Test HAVE_C_WERROR_FORMAT_SECURITY
-- Performing Test HAVE_C_WERROR_FORMAT_SECURITY - Success
-- Performing Test HAVE_CXX_WMISSING_DECLARATIONS
-- Performing Test HAVE_CXX_WMISSING_DECLARATIONS - Success
-- Performing Test HAVE_C_WMISSING_DECLARATIONS
-- Performing Test HAVE_C_WMISSING_DECLARATIONS - Success
-- Performing Test HAVE_CXX_WMISSING_PROTOTYPES
-- Performing Test HAVE_CXX_WMISSING_PROTOTYPES - Failed
-- Performing Test HAVE_C_WMISSING_PROTOTYPES
-- Performing Test HAVE_C_WMISSING_PROTOTYPES - Success
-- Performing Test HAVE_CXX_WSTRICT_PROTOTYPES
-- Performing Test HAVE_CXX_WSTRICT_PROTOTYPES - Failed
-- Performing Test HAVE_C_WSTRICT_PROTOTYPES
-- Performing Test HAVE_C_WSTRICT_PROTOTYPES - Success
-- Performing Test HAVE_CXX_WUNDEF
-- Performing Test HAVE_CXX_WUNDEF - Success
-- Performing Test HAVE_C_WUNDEF
-- Performing Test HAVE_C_WUNDEF - Success
-- Performing Test HAVE_CXX_WINIT_SELF
-- Performing Test HAVE_CXX_WINIT_SELF - Success
-- Performing Test HAVE_C_WINIT_SELF
-- Performing Test HAVE_C_WINIT_SELF - Success
-- Performing Test HAVE_CXX_WPOINTER_ARITH
-- Performing Test HAVE_CXX_WPOINTER_ARITH - Success
-- Performing Test HAVE_C_WPOINTER_ARITH
-- Performing Test HAVE_C_WPOINTER_ARITH - Success
-- Performing Test HAVE_CXX_WSHADOW
-- Performing Test HAVE_CXX_WSHADOW - Success
-- Performing Test HAVE_C_WSHADOW
-- Performing Test HAVE_C_WSHADOW - Success
-- Performing Test HAVE_CXX_WSIGN_PROMO
-- Performing Test HAVE_CXX_WSIGN_PROMO - Success
-- Performing Test HAVE_C_WSIGN_PROMO
-- Performing Test HAVE_C_WSIGN_PROMO - Failed
-- Performing Test HAVE_CXX_WUNINITIALIZED
-- Performing Test HAVE_CXX_WUNINITIALIZED - Success
-- Performing Test HAVE_C_WUNINITIALIZED
-- Performing Test HAVE_C_WUNINITIALIZED - Success
-- Performing Test HAVE_CXX_WSUGGEST_OVERRIDE
-- Performing Test HAVE_CXX_WSUGGEST_OVERRIDE - Success
-- Performing Test HAVE_C_WSUGGEST_OVERRIDE
-- Performing Test HAVE_C_WSUGGEST_OVERRIDE - Failed
-- Performing Test HAVE_CXX_WNO_DELETE_NON_VIRTUAL_DTOR
-- Performing Test HAVE_CXX_WNO_DELETE_NON_VIRTUAL_DTOR - Success
-- Performing Test HAVE_C_WNO_DELETE_NON_VIRTUAL_DTOR
-- Performing Test HAVE_C_WNO_DELETE_NON_VIRTUAL_DTOR - Failed
-- Performing Test HAVE_CXX_WNO_UNNAMED_TYPE_TEMPLATE_ARGS
-- Performing Test HAVE_CXX_WNO_UNNAMED_TYPE_TEMPLATE_ARGS - Failed
-- Performing Test HAVE_C_WNO_UNNAMED_TYPE_TEMPLATE_ARGS
-- Performing Test HAVE_C_WNO_UNNAMED_TYPE_TEMPLATE_ARGS - Failed
-- Performing Test HAVE_CXX_WNO_COMMENT
-- Performing Test HAVE_CXX_WNO_COMMENT - Success
-- Performing Test HAVE_C_WNO_COMMENT
-- Performing Test HAVE_C_WNO_COMMENT - Success
-- Performing Test HAVE_CXX_WIMPLICIT_FALLTHROUGH_3
-- Performing Test HAVE_CXX_WIMPLICIT_FALLTHROUGH_3 - Success
-- Performing Test HAVE_C_WIMPLICIT_FALLTHROUGH_3
-- Performing Test HAVE_C_WIMPLICIT_FALLTHROUGH_3 - Success
-- Performing Test HAVE_CXX_WNO_STRICT_OVERFLOW
-- Performing Test HAVE_CXX_WNO_STRICT_OVERFLOW - Success
-- Performing Test HAVE_C_WNO_STRICT_OVERFLOW
-- Performing Test HAVE_C_WNO_STRICT_OVERFLOW - Success
-- Performing Test HAVE_CXX_FDIAGNOSTICS_SHOW_OPTION
-- Performing Test HAVE_CXX_FDIAGNOSTICS_SHOW_OPTION - Success
-- Performing Test HAVE_C_FDIAGNOSTICS_SHOW_OPTION
-- Performing Test HAVE_C_FDIAGNOSTICS_SHOW_OPTION - Success
-- Performing Test HAVE_CXX_PTHREAD
-- Performing Test HAVE_CXX_PTHREAD - Success
-- Performing Test HAVE_C_PTHREAD
-- Performing Test HAVE_C_PTHREAD - Success
-- Performing Test HAVE_CXX_FOMIT_FRAME_POINTER
-- Performing Test HAVE_CXX_FOMIT_FRAME_POINTER - Success
-- Performing Test HAVE_C_FOMIT_FRAME_POINTER
-- Performing Test HAVE_C_FOMIT_FRAME_POINTER - Success
-- Performing Test HAVE_CXX_FFUNCTION_SECTIONS
-- Performing Test HAVE_CXX_FFUNCTION_SECTIONS - Success
-- Performing Test HAVE_C_FFUNCTION_SECTIONS
-- Performing Test HAVE_C_FFUNCTION_SECTIONS - Success
-- Performing Test HAVE_CXX_FDATA_SECTIONS
-- Performing Test HAVE_CXX_FDATA_SECTIONS - Success
-- Performing Test HAVE_C_FDATA_SECTIONS
-- Performing Test HAVE_C_FDATA_SECTIONS - Success
-- Performing Test HAVE_CPU_NEON_SUPPORT (check file: cmake/checks/cpu_neon.cpp)
-- Performing Test HAVE_CPU_NEON_SUPPORT - Success
-- Performing Test HAVE_CPU_FP16_SUPPORT (check file: cmake/checks/cpu_fp16.cpp)
-- Performing Test HAVE_CPU_FP16_SUPPORT - Success
-- Performing Test HAVE_CPU_BASELINE_FLAGS
-- Performing Test HAVE_CPU_BASELINE_FLAGS - Success
-- Performing Test HAVE_CXX_FVISIBILITY_HIDDEN
-- Performing Test HAVE_CXX_FVISIBILITY_HIDDEN - Success
-- Performing Test HAVE_C_FVISIBILITY_HIDDEN
-- Performing Test HAVE_C_FVISIBILITY_HIDDEN - Success
-- Performing Test HAVE_CXX_FVISIBILITY_INLINES_HIDDEN
-- Performing Test HAVE_CXX_FVISIBILITY_INLINES_HIDDEN - Success
-- Performing Test HAVE_C_FVISIBILITY_INLINES_HIDDEN
-- Performing Test HAVE_C_FVISIBILITY_INLINES_HIDDEN - Failed
-- Performing Test HAVE_LINK_AS_NEEDED
-- Performing Test HAVE_LINK_AS_NEEDED - Success
-- Looking for pthread.h
-- Looking for pthread.h - found
-- Looking for posix_memalign
-- Looking for posix_memalign - found
-- Looking for malloc.h
-- Looking for malloc.h - found
-- Looking for memalign
-- Looking for memalign - found
-- Check if the system is big endian
-- Searching 16 bit integer
-- Looking for sys/types.h
-- Looking for sys/types.h - found
-- Looking for stdint.h
-- Looking for stdint.h - found
-- Looking for stddef.h
-- Looking for stddef.h - found
-- Check size of unsigned short
-- Check size of unsigned short - done
-- Using unsigned short
-- Check if the system is big endian - little endian
-- Found ZLIB: /usr/lib/aarch64-linux-gnu/libz.so (found suitable version "1.2.11", minimum required is "1.2.3") 
-- Found JPEG: /usr/lib/aarch64-linux-gnu/libjpeg.so  
-- Found TIFF: /usr/lib/aarch64-linux-gnu/libtiff.so (found version "4.0.9") 
-- Performing Test HAVE_C_STD_C99
-- Performing Test HAVE_C_STD_C99 - Success
-- Performing Test HAVE_C_WNO_UNUSED_VARIABLE
-- Performing Test HAVE_C_WNO_UNUSED_VARIABLE - Success
-- Performing Test HAVE_C_WNO_UNUSED_FUNCTION
-- Performing Test HAVE_C_WNO_UNUSED_FUNCTION - Success
-- Performing Test HAVE_C_WNO_SHADOW
-- Performing Test HAVE_C_WNO_SHADOW - Success
-- Performing Test HAVE_C_WNO_MAYBE_UNINITIALIZED
-- Performing Test HAVE_C_WNO_MAYBE_UNINITIALIZED - Success
-- Performing Test HAVE_C_WNO_MISSING_PROTOTYPES
-- Performing Test HAVE_C_WNO_MISSING_PROTOTYPES - Success
-- Performing Test HAVE_C_WNO_MISSING_DECLARATIONS
-- Performing Test HAVE_C_WNO_MISSING_DECLARATIONS - Success
-- Performing Test HAVE_C_WNO_IMPLICIT_FALLTHROUGH
-- Performing Test HAVE_C_WNO_IMPLICIT_FALLTHROUGH - Success
-- Could NOT find OpenJPEG (minimal suitable version: 2.0, recommended version >= 2.3.1)
-- Could NOT find Jasper (missing: JASPER_LIBRARIES JASPER_INCLUDE_DIR) 
-- Performing Test HAVE_C_WNO_IMPLICIT_FUNCTION_DECLARATION
-- Performing Test HAVE_C_WNO_IMPLICIT_FUNCTION_DECLARATION - Success
-- Performing Test HAVE_C_WNO_UNINITIALIZED
-- Performing Test HAVE_C_WNO_UNINITIALIZED - Success
-- Performing Test HAVE_C_WNO_UNUSED_BUT_SET_PARAMETER
-- Performing Test HAVE_C_WNO_UNUSED_BUT_SET_PARAMETER - Success
-- Performing Test HAVE_C_WNO_UNUSED
-- Performing Test HAVE_C_WNO_UNUSED - Success
-- Performing Test HAVE_C_WNO_SIGN_COMPARE
-- Performing Test HAVE_C_WNO_SIGN_COMPARE - Success
-- Performing Test HAVE_C_WNO_POINTER_COMPARE
-- Performing Test HAVE_C_WNO_POINTER_COMPARE - Success
-- Performing Test HAVE_C_WNO_ABSOLUTE_VALUE
-- Performing Test HAVE_C_WNO_ABSOLUTE_VALUE - Failed
-- Performing Test HAVE_C_WNO_UNUSED_PARAMETER
-- Performing Test HAVE_C_WNO_UNUSED_PARAMETER - Success
-- Performing Test HAVE_C_WNO_STRICT_PROTOTYPES
-- Performing Test HAVE_C_WNO_STRICT_PROTOTYPES - Success
-- Found ZLIB: /usr/lib/aarch64-linux-gnu/libz.so (found version "1.2.11") 
-- Found PNG: /usr/lib/aarch64-linux-gnu/libpng.so (found version "1.6.34") 
-- Looking for /usr/include/libpng/png.h
-- Looking for /usr/include/libpng/png.h - found
-- Looking for semaphore.h
-- Looking for semaphore.h - found
-- Performing Test HAVE_CXX_WNO_SHADOW
-- Performing Test HAVE_CXX_WNO_SHADOW - Success
-- Performing Test HAVE_CXX_WNO_UNUSED
-- Performing Test HAVE_CXX_WNO_UNUSED - Success
-- Performing Test HAVE_CXX_WNO_SIGN_COMPARE
-- Performing Test HAVE_CXX_WNO_SIGN_COMPARE - Success
-- Performing Test HAVE_CXX_WNO_UNDEF
-- Performing Test HAVE_CXX_WNO_UNDEF - Success
-- Performing Test HAVE_CXX_WNO_MISSING_DECLARATIONS
-- Performing Test HAVE_CXX_WNO_MISSING_DECLARATIONS - Success
-- Performing Test HAVE_CXX_WNO_UNINITIALIZED
-- Performing Test HAVE_CXX_WNO_UNINITIALIZED - Success
-- Performing Test HAVE_CXX_WNO_SWITCH
-- Performing Test HAVE_CXX_WNO_SWITCH - Success
-- Performing Test HAVE_CXX_WNO_PARENTHESES
-- Performing Test HAVE_CXX_WNO_PARENTHESES - Success
-- Performing Test HAVE_CXX_WNO_ARRAY_BOUNDS
-- Performing Test HAVE_CXX_WNO_ARRAY_BOUNDS - Success
-- Performing Test HAVE_CXX_WNO_EXTRA
-- Performing Test HAVE_CXX_WNO_EXTRA - Success
-- Performing Test HAVE_CXX_WNO_DEPRECATED_DECLARATIONS
-- Performing Test HAVE_CXX_WNO_DEPRECATED_DECLARATIONS - Success
-- Performing Test HAVE_CXX_WNO_MISLEADING_INDENTATION
-- Performing Test HAVE_CXX_WNO_MISLEADING_INDENTATION - Success
-- Performing Test HAVE_CXX_WNO_DEPRECATED
-- Performing Test HAVE_CXX_WNO_DEPRECATED - Success
-- Performing Test HAVE_CXX_WNO_SUGGEST_OVERRIDE
-- Performing Test HAVE_CXX_WNO_SUGGEST_OVERRIDE - Success
-- Performing Test HAVE_CXX_WNO_INCONSISTENT_MISSING_OVERRIDE
-- Performing Test HAVE_CXX_WNO_INCONSISTENT_MISSING_OVERRIDE - Failed
-- Performing Test HAVE_CXX_WNO_IMPLICIT_FALLTHROUGH
-- Performing Test HAVE_CXX_WNO_IMPLICIT_FALLTHROUGH - Success
-- Performing Test HAVE_CXX_WNO_TAUTOLOGICAL_COMPARE
-- Performing Test HAVE_CXX_WNO_TAUTOLOGICAL_COMPARE - Success
-- Performing Test HAVE_CXX_WNO_MISSING_PROTOTYPES
-- Performing Test HAVE_CXX_WNO_MISSING_PROTOTYPES - Failed
-- Performing Test HAVE_CXX_WNO_REORDER
-- Performing Test HAVE_CXX_WNO_REORDER - Success
-- Performing Test HAVE_CXX_WNO_UNUSED_RESULT
-- Performing Test HAVE_CXX_WNO_UNUSED_RESULT - Success
-- Checking for module 'gtk+-3.0'
--   Found gtk+-3.0, version 3.22.30
-- Checking for module 'gthread-2.0'
--   Found gthread-2.0, version 2.56.4
-- Looking for pthread.h
-- Looking for pthread.h - found
-- Looking for pthread_create
-- Looking for pthread_create - not found
-- Looking for pthread_create in pthreads
-- Looking for pthread_create in pthreads - not found
-- Looking for pthread_create in pthread
-- Looking for pthread_create in pthread - found
-- Found Threads: TRUE  
-- Found CUDNN: /usr/lib/aarch64-linux-gnu/libcudnn.so (found suitable version "8.0", minimum required is "7.5") 
-- CUDA detected: 10.2
-- CUDA: Using CUDA_ARCH_BIN=5.3,6.2,7.2
-- CUDA NVCC target flags: -gencode;arch=compute_53,code=sm_53;-gencode;arch=compute_62,code=sm_62;-gencode;arch=compute_72,code=sm_72;-D_FORCE_INLINES
-- Could not find OpenBLAS include. Turning OpenBLAS_FOUND off
-- Could not find OpenBLAS lib. Turning OpenBLAS_FOUND off
-- Found Atlas: /usr/include/aarch64-linux-gnu  
-- Found Atlas (include: /usr/include/aarch64-linux-gnu, library: /usr/lib/aarch64-linux-gnu/libatlas.so)
-- LAPACK(Atlas): LAPACK_LIBRARIES: /usr/lib/aarch64-linux-gnu/liblapack.so;/usr/lib/aarch64-linux-gnu/libcblas.so;/usr/lib/aarch64-linux-gnu/libatlas.so
-- LAPACK(Atlas): Support is enabled.
-- Performing Test HAVE_CXX_WNO_UNUSED_PARAMETER
-- Performing Test HAVE_CXX_WNO_UNUSED_PARAMETER - Success
-- Performing Test HAVE_CXX_WNO_UNUSED_LOCAL_TYPEDEFS
-- Performing Test HAVE_CXX_WNO_UNUSED_LOCAL_TYPEDEFS - Success
-- Performing Test HAVE_CXX_WNO_SIGN_PROMO
-- Performing Test HAVE_CXX_WNO_SIGN_PROMO - Success
-- Performing Test HAVE_CXX_WNO_TAUTOLOGICAL_UNDEFINED_COMPARE
-- Performing Test HAVE_CXX_WNO_TAUTOLOGICAL_UNDEFINED_COMPARE - Failed
-- Performing Test HAVE_CXX_WNO_IGNORED_QUALIFIERS
-- Performing Test HAVE_CXX_WNO_IGNORED_QUALIFIERS - Success
-- Performing Test HAVE_CXX_WNO_UNUSED_FUNCTION
-- Performing Test HAVE_CXX_WNO_UNUSED_FUNCTION - Success
-- Performing Test HAVE_CXX_WNO_UNUSED_CONST_VARIABLE
-- Performing Test HAVE_CXX_WNO_UNUSED_CONST_VARIABLE - Success
-- Performing Test HAVE_CXX_WNO_SHORTEN_64_TO_32
-- Performing Test HAVE_CXX_WNO_SHORTEN_64_TO_32 - Failed
-- Performing Test HAVE_CXX_WNO_INVALID_OFFSETOF
-- Performing Test HAVE_CXX_WNO_INVALID_OFFSETOF - Success
-- Performing Test HAVE_CXX_WNO_ENUM_COMPARE_SWITCH
-- Performing Test HAVE_CXX_WNO_ENUM_COMPARE_SWITCH - Failed
-- Could NOT find JNI (missing: JAVA_AWT_LIBRARY JAVA_JVM_LIBRARY JAVA_INCLUDE_PATH JAVA_INCLUDE_PATH2 JAVA_AWT_INCLUDE_PATH) 
-- VTK is not found. Please set -DVTK_DIR in CMake to VTK build directory, or to VTK install subdirectory with VTKConfig.cmake file
-- Looking for dlerror in dl
-- Looking for dlerror in dl - found
-- Performing Test HAVE_C_WNO_UNDEF
-- Performing Test HAVE_C_WNO_UNDEF - Success
-- ADE: Download: v0.1.1f.zip
-- OpenCV Python: during development append to PYTHONPATH: /tmp/build_opencv/opencv/build/python_loader
-- Performing Test HAVE_CXX_WNO_STRICT_ALIASING
-- Performing Test HAVE_CXX_WNO_STRICT_ALIASING - Success
-- Checking for modules 'libavcodec;libavformat;libavutil;libswscale'
--   Found libavcodec, version 57.107.100
--   Found libavformat, version 57.83.100
--   Found libavutil, version 55.78.100
--   Found libswscale, version 4.8.100
-- Checking for module 'libavresample'
--   Found libavresample, version 3.7.0
-- Checking for module 'gstreamer-base-1.0'
--   Found gstreamer-base-1.0, version 1.14.5
-- Checking for module 'gstreamer-app-1.0'
--   Found gstreamer-app-1.0, version 1.14.5
-- Checking for module 'gstreamer-riff-1.0'
--   Found gstreamer-riff-1.0, version 1.14.5
-- Checking for module 'gstreamer-pbutils-1.0'
--   Found gstreamer-pbutils-1.0, version 1.14.5
-- Checking for module 'libdc1394-2'
--   Found libdc1394-2, version 2.2.5
-- Caffe:   NO
-- Protobuf:   NO
-- Glog:   NO
-- Performing Test HAVE_CXX_WNO_UNUSED_VARIABLE
-- Performing Test HAVE_CXX_WNO_UNUSED_VARIABLE - Success
-- Performing Test HAVE_CXX_WNO_ENUM_COMPARE
-- Performing Test HAVE_CXX_WNO_ENUM_COMPARE - Success
-- Checking for module 'freetype2'
--   Found freetype2, version 21.0.15
-- Checking for module 'harfbuzz'
--   Found harfbuzz, version 1.7.2
-- freetype2:   YES (ver 21.0.15)
-- harfbuzz:    YES (ver 1.7.2)
-- HDF5: Using hdf5 compiler wrapper to determine C configuration
-- Found HDF5: /usr/lib/aarch64-linux-gnu/hdf5/serial/libhdf5.so;/usr/lib/aarch64-linux-gnu/libpthread.so;/usr/lib/aarch64-linux-gnu/libsz.so;/usr/lib/aarch64-linux-gnu/libz.so;/usr/lib/aarch64-linux-gnu/libdl.so;/usr/lib/aarch64-linux-gnu/libm.so (found version "1.10.0.1")  
-- Julia not found. Not compiling Julia Bindings. 
-- Module opencv_ovis disabled because OGRE3D was not found
-- No preference for use of exported gflags CMake configuration set, and no hints for include/library directories provided. Defaulting to preferring an installed/exported gflags CMake configuration if available.
-- Failed to find installed gflags CMake configuration, searching for gflags build directories exported with CMake.
-- Failed to find gflags - Failed to find an installed/exported CMake configuration for gflags, will perform search for installed gflags components.
-- Failed to find gflags - Could not find gflags include directory, set GFLAGS_INCLUDE_DIR to directory containing gflags/gflags.h
-- Failed to find glog - Could not find glog include directory, set GLOG_INCLUDE_DIR to directory containing glog/logging.h
-- Module opencv_sfm disabled because the following dependencies are not found: Glog/Gflags
-- Checking for module 'tesseract'
--   Found tesseract, version 4.0.0-beta.1
-- Tesseract:   YES (ver 4.0.0-beta.1)
-- Allocator metrics storage type: 'int'
-- Performing Test HAVE_CXX_WNO_UNUSED_BUT_SET_VARIABLE
-- Performing Test HAVE_CXX_WNO_UNUSED_BUT_SET_VARIABLE - Success
-- HDF5: Using hdf5 compiler wrapper to determine C configuration
-- Excluding from source files list: modules/imgproc/src/corner.avx.cpp
-- Excluding from source files list: modules/imgproc/src/imgwarp.avx2.cpp
-- Excluding from source files list: modules/imgproc/src/imgwarp.sse4_1.cpp
-- Excluding from source files list: modules/imgproc/src/resize.avx2.cpp
-- Excluding from source files list: modules/imgproc/src/resize.sse4_1.cpp
-- Registering hook 'INIT_MODULE_SOURCES_opencv_dnn': /tmp/build_opencv/opencv/modules/dnn/cmake/hooks/INIT_MODULE_SOURCES_opencv_dnn.cmake
-- Excluding from source files list: <BUILD>/modules/dnn/layers/layers_common.avx.cpp
-- Excluding from source files list: <BUILD>/modules/dnn/layers/layers_common.avx2.cpp
-- Excluding from source files list: <BUILD>/modules/dnn/layers/layers_common.avx512_skx.cpp
-- Excluding from source files list: modules/features2d/src/fast.avx2.cpp
-- Performing Test HAVE_CXX_WNO_OVERLOADED_VIRTUAL
-- Performing Test HAVE_CXX_WNO_OVERLOADED_VIRTUAL - Success
-- xfeatures2d/boostdesc: Download: boostdesc_bgm.i
-- xfeatures2d/boostdesc: Download: boostdesc_bgm_bi.i
-- xfeatures2d/boostdesc: Download: boostdesc_bgm_hd.i
-- xfeatures2d/boostdesc: Download: boostdesc_binboost_064.i
-- xfeatures2d/boostdesc: Download: boostdesc_binboost_128.i
-- xfeatures2d/boostdesc: Download: boostdesc_binboost_256.i
-- xfeatures2d/boostdesc: Download: boostdesc_lbgm.i
-- xfeatures2d/vgg: Download: vgg_generated_48.i
-- xfeatures2d/vgg: Download: vgg_generated_64.i
-- xfeatures2d/vgg: Download: vgg_generated_80.i
-- xfeatures2d/vgg: Download: vgg_generated_120.i
-- data: Download: face_landmark_model.dat
-- NVIDIA_OPTICAL_FLOW: Download: 79c6cee80a2df9a196f20afd6b598a9810964c32.zip
-- Performing Test HAVE_CXX_WNO_UNUSED_PRIVATE_FIELD
-- Performing Test HAVE_CXX_WNO_UNUSED_PRIVATE_FIELD - Failed
-- 
-- General configuration for OpenCV 4.4.0 =====================================
--   Version control:               4.4.0
-- 
--   Extra modules:
--     Location (extra):            /tmp/build_opencv/opencv_contrib/modules
--     Version control (extra):     4.4.0
-- 
--   Platform:
--     Timestamp:                   2021-02-19T18:06:19Z
--     Host:                        Linux 4.9.201-tegra aarch64
--     CMake:                       3.10.2
--     CMake generator:             Unix Makefiles
--     CMake build tool:            /usr/bin/make
--     Configuration:               RELEASE
-- 
--   CPU/HW features:
--     Baseline:                    NEON FP16
--       required:                  NEON
--       disabled:                  VFPV3
-- 
--   C/C++:
--     Built as dynamic libs?:      YES
--     C++ standard:                11
--     C++ Compiler:                /usr/bin/c++  (ver 7.5.0)
--     C++ flags (Release):         -fsigned-char -W -Wall -Werror=return-type -Werror=non-virtual-dtor -Werror=address -Werror=sequence-point -Wformat -Werror=format-security -Wmissing-declarations -Wundef -Winit-self -Wpointer-arith -Wshadow -Wsign-promo -Wuninitialized -Winit-self -Wsuggest-override -Wno-delete-non-virtual-dtor -Wno-comment -Wimplicit-fallthrough=3 -Wno-strict-overflow -fdiagnostics-show-option -pthread -fomit-frame-pointer -ffunction-sections -fdata-sections    -fvisibility=hidden -fvisibility-inlines-hidden -O3 -DNDEBUG  -DNDEBUG
--     C++ flags (Debug):           -fsigned-char -W -Wall -Werror=return-type -Werror=non-virtual-dtor -Werror=address -Werror=sequence-point -Wformat -Werror=format-security -Wmissing-declarations -Wundef -Winit-self -Wpointer-arith -Wshadow -Wsign-promo -Wuninitialized -Winit-self -Wsuggest-override -Wno-delete-non-virtual-dtor -Wno-comment -Wimplicit-fallthrough=3 -Wno-strict-overflow -fdiagnostics-show-option -pthread -fomit-frame-pointer -ffunction-sections -fdata-sections    -fvisibility=hidden -fvisibility-inlines-hidden -g  -O0 -DDEBUG -D_DEBUG
--     C Compiler:                  /usr/bin/cc
--     C flags (Release):           -fsigned-char -W -Wall -Werror=return-type -Werror=address -Werror=sequence-point -Wformat -Werror=format-security -Wmissing-declarations -Wmissing-prototypes -Wstrict-prototypes -Wundef -Winit-self -Wpointer-arith -Wshadow -Wuninitialized -Winit-self -Wno-comment -Wimplicit-fallthrough=3 -Wno-strict-overflow -fdiagnostics-show-option -pthread -fomit-frame-pointer -ffunction-sections -fdata-sections    -fvisibility=hidden -O3 -DNDEBUG  -DNDEBUG
--     C flags (Debug):             -fsigned-char -W -Wall -Werror=return-type -Werror=address -Werror=sequence-point -Wformat -Werror=format-security -Wmissing-declarations -Wmissing-prototypes -Wstrict-prototypes -Wundef -Winit-self -Wpointer-arith -Wshadow -Wuninitialized -Winit-self -Wno-comment -Wimplicit-fallthrough=3 -Wno-strict-overflow -fdiagnostics-show-option -pthread -fomit-frame-pointer -ffunction-sections -fdata-sections    -fvisibility=hidden -g  -O0 -DDEBUG -D_DEBUG
--     Linker flags (Release):      -Wl,--gc-sections -Wl,--as-needed  
--     Linker flags (Debug):        -Wl,--gc-sections -Wl,--as-needed  
--     ccache:                      NO
--     Precompiled headers:         NO
--     Extra dependencies:          m pthread cudart_static -lpthread dl rt nppc nppial nppicc nppicom nppidei nppif nppig nppim nppist nppisu nppitc npps cublas cudnn cufft -L/usr/local/cuda/lib64 -L/usr/lib/aarch64-linux-gnu
--     3rdparty dependencies:
-- 
--   OpenCV modules:
--     To be built:                 alphamat aruco bgsegm bioinspired calib3d ccalib core cudaarithm cudabgsegm cudacodec cudafeatures2d cudafilters cudaimgproc cudalegacy cudaobjdetect cudaoptflow cudastereo cudawarping cudev datasets dnn dnn_objdetect dnn_superres dpm face features2d flann freetype fuzzy gapi hdf hfs highgui img_hash imgcodecs imgproc intensity_transform line_descriptor ml objdetect optflow phase_unwrapping photo plot python2 python3 quality rapid reg rgbd saliency shape stereo stitching structured_light superres surface_matching text tracking video videoio videostab xfeatures2d ximgproc xobjdetect xphoto
--     Disabled:                    world
--     Disabled by dependency:      -
--     Unavailable:                 cnn_3dobj cvv java js julia matlab ovis sfm ts viz
--     Applications:                apps
--     Documentation:               NO
--     Non-free algorithms:         YES
-- 
--   GUI: 
--     GTK+:                        YES (ver 3.22.30)
--       GThread :                  YES (ver 2.56.4)
--       GtkGlExt:                  NO
--     OpenGL support:              NO
--     VTK support:                 NO
-- 
--   Media I/O: 
--     ZLib:                        /usr/lib/aarch64-linux-gnu/libz.so (ver 1.2.11)
--     JPEG:                        /usr/lib/aarch64-linux-gnu/libjpeg.so (ver 80)
--     WEBP:                        build (ver encoder: 0x020f)
--     PNG:                         /usr/lib/aarch64-linux-gnu/libpng.so (ver 1.6.34)
--     TIFF:                        /usr/lib/aarch64-linux-gnu/libtiff.so (ver 42 / 4.0.9)
--     JPEG 2000:                   build Jasper (ver 1.900.1)
--     OpenEXR:                     build (ver 2.3.0)
--     HDR:                         YES
--     SUNRASTER:                   YES
--     PXM:                         YES
--     PFM:                         YES
-- 
--   Video I/O:
--     DC1394:                      YES (2.2.5)
--     FFMPEG:                      YES
--       avcodec:                   YES (57.107.100)
--       avformat:                  YES (57.83.100)
--       avutil:                    YES (55.78.100)
--       swscale:                   YES (4.8.100)
--       avresample:                YES (3.7.0)
--     GStreamer:                   YES (1.14.5)
--     v4l/v4l2:                    YES (linux/videodev2.h)
-- 
--   Parallel framework:            pthreads
-- 
--   Trace:                         YES (with Intel ITT)
-- 
--   Other third-party libraries:
--     Lapack:                      YES (/usr/lib/aarch64-linux-gnu/liblapack.so /usr/lib/aarch64-linux-gnu/libcblas.so /usr/lib/aarch64-linux-gnu/libatlas.so)
--     Eigen:                       YES (ver 3.3.4)
--     Custom HAL:                  YES (carotene (ver 0.0.1))
--     Protobuf:                    build (3.5.1)
-- 
--   NVIDIA CUDA:                   YES (ver 10.2, CUFFT CUBLAS FAST_MATH)
--     NVIDIA GPU arch:             53 62 72
--     NVIDIA PTX archs:
-- 
--   cuDNN:                         YES (ver 8.0)
-- 
--   OpenCL:                        YES (no extra features)
--     Include path:                /tmp/build_opencv/opencv/3rdparty/include/opencl/1.2
--     Link libraries:              Dynamic load
-- 
--   Python 2:
--     Interpreter:                 /usr/bin/python2.7 (ver 2.7.17)
--     Libraries:                   /usr/lib/aarch64-linux-gnu/libpython2.7.so (ver 2.7.17)
--     numpy:                       /usr/lib/python2.7/dist-packages/numpy/core/include (ver 1.13.3)
--     install path:                lib/python2.7/dist-packages/cv2/python-2.7
-- 
--   Python 3:
--     Interpreter:                 /usr/bin/python3 (ver 3.6.9)
--     Libraries:                   /usr/lib/aarch64-linux-gnu/libpython3.6m.so (ver 3.6.9)
--     numpy:                       /usr/local/lib/python3.6/dist-packages/numpy/core/include (ver 1.16.1)
--     install path:                lib/python3.6/dist-packages/cv2/python-3.6
-- 
--   Python (for build):            /usr/bin/python2.7
-- 
--   Java:                          
--     ant:                         NO
--     JNI:                         NO
--     Java wrappers:               NO
--     Java tests:                  NO
-- 
--   Install to:                    /usr/local
-- -----------------------------------------------------------------
-- 
-- Configuring done
-- Generating done
-- Build files have been written to: /tmp/build_opencv/opencv/build
